<?xml version="1.0" encoding="UTF-8"?>
<testsuite name="com.kodilla.UserManager.UsersManagerOlderUsersTestSuite" tests="1" skipped="0" failures="0" errors="0" timestamp="2023-05-03T11:00:05" hostname="LAPTOP-666" time="0.021">
  <properties/>
  <testcase name="testGetOlderUsers()" classname="com.kodilla.UserManager.UsersManagerOlderUsersTestSuite" time="0.021"/>
  <system-out><![CDATA[]]></system-out>
  <system-err><![CDATA[]]></system-err>
</testsuite>
